[debug] [2022-10-18T17:37:24.551Z] ----------------------------------------------------------------------
[debug] [2022-10-18T17:37:24.553Z] Command:       C:\Program Files\nodejs\node.exe C:\Users\Kamil\AppData\Roaming\npm\node_modules\firebase-tools\lib\bin\firebase.js init
[debug] [2022-10-18T17:37:24.554Z] CLI Version:   11.8.0
[debug] [2022-10-18T17:37:24.554Z] Platform:      win32
[debug] [2022-10-18T17:37:24.554Z] Node Version:  v16.17.1
[debug] [2022-10-18T17:37:24.555Z] Time:          Tue Oct 18 2022 19:37:24 GMT+0200 (czas środkowoeuropejski letni)
[debug] [2022-10-18T17:37:24.556Z] ----------------------------------------------------------------------
[debug] 
[debug] [2022-10-18T17:37:24.560Z] >>> [apiv2][query] GET https://firebase-public.firebaseio.com/cli.json [none]
[debug] [2022-10-18T17:37:24.584Z] > command requires scopes: ["email","openid","https://www.googleapis.com/auth/cloudplatformprojects.readonly","https://www.googleapis.com/auth/firebase","https://www.googleapis.com/auth/cloud-platform"]
[debug] [2022-10-18T17:37:24.585Z] > authorizing via signed-in user (kamilsuchocki123@gmail.com)
[info] 
     ######## #### ########  ######## ########     ###     ######  ########
     ##        ##  ##     ## ##       ##     ##  ##   ##  ##       ##
     ######    ##  ########  ######   ########  #########  ######  ######
     ##        ##  ##    ##  ##       ##     ## ##     ##       ## ##
     ##       #### ##     ## ######## ########  ##     ##  ######  ########

You're about to initialize a Firebase project in this directory:

  C:\react\mobile-app

Before we get started, keep in mind:

  * You are currently outside your home directory

[debug] [2022-10-18T17:37:24.927Z] <<< [apiv2][status] GET https://firebase-public.firebaseio.com/cli.json 200
[debug] [2022-10-18T17:37:24.928Z] <<< [apiv2][body] GET https://firebase-public.firebaseio.com/cli.json {"cloudBuildErrorAfter":1594252800000,"cloudBuildWarnAfter":1590019200000,"defaultNode10After":1594252800000,"minVersion":"3.0.5","node8DeploysDisabledAfter":1613390400000,"node8RuntimeDisabledAfter":1615809600000,"node8WarnAfter":1600128000000}
[info] 
=== Project Setup
[info] 
[info] First, let's associate this project directory with a Firebase project.
[info] You can create multiple project aliases by running firebase use --add, 
[info] but for now we'll just set up a default project.
[info] 
[debug] [2022-10-18T17:37:41.299Z] > refreshing access token with scopes: []
[debug] [2022-10-18T17:37:41.301Z] >>> [apiv2][query] POST https://www.googleapis.com/oauth2/v3/token [none]
[debug] [2022-10-18T17:37:41.301Z] >>> [apiv2][body] POST https://www.googleapis.com/oauth2/v3/token [omitted]
[debug] [2022-10-18T17:37:41.469Z] <<< [apiv2][status] POST https://www.googleapis.com/oauth2/v3/token 200
[debug] [2022-10-18T17:37:41.470Z] <<< [apiv2][body] POST https://www.googleapis.com/oauth2/v3/token [omitted]
[debug] [2022-10-18T17:37:41.483Z] >>> [apiv2][query] GET https://firebase.googleapis.com/v1beta1/projects pageSize=100
[debug] [2022-10-18T17:37:47.920Z] <<< [apiv2][status] GET https://firebase.googleapis.com/v1beta1/projects 200
[debug] [2022-10-18T17:37:47.920Z] <<< [apiv2][body] GET https://firebase.googleapis.com/v1beta1/projects [omitted]
[info] i  Using project sell-it-55291 (sell it) 
[info] 
=== Hosting Setup
[info] 
[info] Your public directory is the folder (relative to your project directory) that
[info] will contain Hosting assets to be uploaded with firebase deploy. If you
[info] have a build process for your assets, use your build's output directory.
[info] 
[debug] [2022-10-18T17:38:59.179Z] ----------------------------------------------------------------------
[debug] [2022-10-18T17:38:59.181Z] Command:       C:\Program Files\nodejs\node.exe C:\Users\Kamil\AppData\Roaming\npm\node_modules\firebase-tools\lib\bin\firebase.js init
[debug] [2022-10-18T17:38:59.182Z] CLI Version:   11.8.0
[debug] [2022-10-18T17:38:59.182Z] Platform:      win32
[debug] [2022-10-18T17:38:59.182Z] Node Version:  v16.17.1
[debug] [2022-10-18T17:38:59.183Z] Time:          Tue Oct 18 2022 19:38:59 GMT+0200 (czas środkowoeuropejski letni)
[debug] [2022-10-18T17:38:59.184Z] ----------------------------------------------------------------------
[debug] 
[debug] [2022-10-18T17:38:59.192Z] > command requires scopes: ["email","openid","https://www.googleapis.com/auth/cloudplatformprojects.readonly","https://www.googleapis.com/auth/firebase","https://www.googleapis.com/auth/cloud-platform"]
[debug] [2022-10-18T17:38:59.193Z] > authorizing via signed-in user (kamilsuchocki123@gmail.com)
[info] 
     ######## #### ########  ######## ########     ###     ######  ########
     ##        ##  ##     ## ##       ##     ##  ##   ##  ##       ##
     ######    ##  ########  ######   ########  #########  ######  ######
     ##        ##  ##    ##  ##       ##     ## ##     ##       ## ##
     ##       #### ##     ## ######## ########  ##     ##  ######  ########

You're about to initialize a Firebase project in this directory:

  C:\react\mobile-app

Before we get started, keep in mind:

  * You are currently outside your home directory

